2024-02-29T08:43:28.158Z  INFO 54653 --- [main] s.y.p.ProductServiceApplicationTests     : Starting ProductServiceApplicationTests using Java 21.0.1 with PID 54653 (started by youtech in /Users/youtech/Desktop/projects/microservices/product-service)
2024-02-29T08:43:28.164Z  INFO 54653 --- [main] s.y.p.ProductServiceApplicationTests     : No active profile set, falling back to 1 default profile: "default"
2024-02-29T08:43:28.407Z  INFO 54653 --- [main] .s.d.r.c.RepositoryConfigurationDelegate : Bootstrapping Spring Data JPA repositories in DEFAULT mode.
2024-02-29T08:43:28.426Z  INFO 54653 --- [main] .s.d.r.c.RepositoryConfigurationDelegate : Finished Spring Data repository scanning in 17 ms. Found 3 JPA repository interfaces.
2024-02-29T08:43:28.614Z  INFO 54653 --- [main] o.hibernate.jpa.internal.util.LogHelper  : HHH000204: Processing PersistenceUnitInfo [name: default]
2024-02-29T08:43:28.640Z  INFO 54653 --- [main] org.hibernate.Version                    : HHH000412: Hibernate ORM core version 6.4.4.Final
2024-02-29T08:43:28.652Z  INFO 54653 --- [main] o.h.c.internal.RegionFactoryInitiator    : HHH000026: Second-level cache disabled
2024-02-29T08:43:28.750Z  INFO 54653 --- [main] o.s.o.j.p.SpringPersistenceUnitInfo      : No LoadTimeWeaver setup: ignoring JPA class transformer
2024-02-29T08:43:28.761Z  INFO 54653 --- [main] com.zaxxer.hikari.HikariDataSource       : HikariPool-1 - Starting...
2024-02-29T08:43:28.941Z  INFO 54653 --- [main] com.zaxxer.hikari.pool.HikariPool        : HikariPool-1 - Added connection com.mysql.cj.jdbc.ConnectionImpl@43a59289
2024-02-29T08:43:28.942Z  INFO 54653 --- [main] com.zaxxer.hikari.HikariDataSource       : HikariPool-1 - Start completed.
2024-02-29T08:43:28.967Z  WARN 54653 --- [main] org.hibernate.orm.deprecation            : HHH90000025: MySQLDialect does not need to be specified explicitly using 'hibernate.dialect' (remove the property setting and it will be selected by default)
2024-02-29T08:43:29.316Z  INFO 54653 --- [main] o.h.e.t.j.p.i.JtaPlatformInitiator       : HHH000489: No JTA platform available (set 'hibernate.transaction.jta.platform' to enable JTA platform integration)
2024-02-29T08:43:29.360Z  INFO 54653 --- [main] j.LocalContainerEntityManagerFactoryBean : Initialized JPA EntityManagerFactory for persistence unit 'default'
2024-02-29T08:43:29.565Z  WARN 54653 --- [main] JpaBaseConfiguration$JpaWebConfiguration : spring.jpa.open-in-view is enabled by default. Therefore, database queries may be performed during view rendering. Explicitly configure spring.jpa.open-in-view to disable this warning
2024-02-29T08:43:29.722Z  INFO 54653 --- [main] o.s.s.web.DefaultSecurityFilterChain     : Will secure any request with [org.springframework.security.web.session.DisableEncodeUrlFilter@1483c738, org.springframework.security.web.context.request.async.WebAsyncManagerIntegrationFilter@66c91224, org.springframework.security.web.context.SecurityContextHolderFilter@67201002, org.springframework.security.web.header.HeaderWriterFilter@35bb3fea, org.springframework.web.filter.CorsFilter@4ffcb1bd, org.springframework.security.web.authentication.logout.LogoutFilter@1174ff02, org.springframework.security.oauth2.server.resource.web.authentication.BearerTokenAuthenticationFilter@14c7ab73, org.springframework.security.web.savedrequest.RequestCacheAwareFilter@1f39b3ba, org.springframework.security.web.servletapi.SecurityContextHolderAwareRequestFilter@53b579d2, org.springframework.security.web.authentication.AnonymousAuthenticationFilter@5be8a92c, org.springframework.security.web.session.SessionManagementFilter@1ae2028d, org.springframework.security.web.access.ExceptionTranslationFilter@2e845f1c, org.springframework.security.web.access.intercept.AuthorizationFilter@19a544cd]
2024-02-29T08:43:29.845Z  INFO 54653 --- [main] s.y.p.ProductServiceApplicationTests     : Started ProductServiceApplicationTests in 1.81 seconds (process running for 2.192)
2024-02-29T08:43:30.143Z  INFO 54653 --- [SpringApplicationShutdownHook] j.LocalContainerEntityManagerFactoryBean : Closing JPA EntityManagerFactory for persistence unit 'default'
2024-02-29T08:43:30.144Z  INFO 54653 --- [SpringApplicationShutdownHook] com.zaxxer.hikari.HikariDataSource       : HikariPool-1 - Shutdown initiated...
2024-02-29T08:43:30.153Z  INFO 54653 --- [SpringApplicationShutdownHook] com.zaxxer.hikari.HikariDataSource       : HikariPool-1 - Shutdown completed.
